<?xml version="1.0" encoding="UTF-8"?>
<!-- Generated by org.testng.reporters.JUnitReportReporter -->
<testsuite hostname="DESKTOP-JAS0CHU" failures="0" tests="2" name="TestCase.MakeMyTripFlightSearch" time="20.490" errors="0" timestamp="2025-07-20T12:39:09 IST" skipped="0">
  <testcase classname="TestCase.MakeMyTripFlightSearch" name="MakeMyTripFlightSearchWithValidValues" time="10.248"/>
  <testcase classname="TestCase.MakeMyTripFlightSearch" name="MakeMyTripFlightSearchWithinValidValues" time="10.242"/>
</testsuite> <!-- TestCase.MakeMyTripFlightSearch -->
