<?xml version="1.0" encoding="UTF-8"?>
<!-- Generated by org.testng.reporters.JUnitReportReporter -->
<testsuite hostname="DESKTOP-JAS0CHU" failures="0" tests="2" name="BasicsofTestng.TestNgBasics" time="0.012" errors="0" timestamp="2025-07-19T12:56:08 IST" skipped="0">
  <testcase classname="BasicsofTestng.TestNgBasics" name="FirstTestcase" time="0.003"/>
  <testcase classname="BasicsofTestng.TestNgBasics" name="ThirdTestcase" time="0.009"/>
</testsuite> <!-- BasicsofTestng.TestNgBasics -->
