<?xml version="1.0" encoding="UTF-8"?>
<!-- Generated by org.testng.reporters.JUnitReportReporter -->
<testsuite hostname="DESKTOP-JAS0CHU" failures="0" tests="4" name="TestCase.MakeMyTripFlightSearch" time="63.144" errors="0" timestamp="2025-07-26T12:41:54 IST" skipped="0">
  <testcase classname="TestCase.MakeMyTripFlightSearch" name="MakeMyTripFlightSearchWithValidValues" time="17.636"/>
  <testcase classname="TestCase.MakeMyTripFlightSearch" name="MakeMyTripFlightSearchWithValidValuesusingmultipledata" time="17.758"/>
  <testcase classname="TestCase.MakeMyTripFlightSearch" name="MakeMyTripFlightSearchWithValidValuesusingmultipledata" time="17.661"/>
  <testcase classname="TestCase.MakeMyTripFlightSearch" name="MakeMyTripFlightSearchWithinValidValues" time="10.089"/>
</testsuite> <!-- TestCase.MakeMyTripFlightSearch -->
