<?xml version="1.0" encoding="UTF-8"?>
<!-- Generated by org.testng.reporters.JUnitReportReporter -->
<testsuite hostname="DESKTOP-JAS0CHU" failures="0" tests="1" name="BasicsofTestng.TestNGScondClass" time="0.008" errors="0" timestamp="2025-07-19T12:56:08 IST" skipped="0">
  <testcase classname="BasicsofTestng.TestNGScondClass" name="Fitatestcase1" time="0.008"/>
</testsuite> <!-- BasicsofTestng.TestNGScondClass -->
