<?xml version="1.0" encoding="UTF-8"?>
<!-- Generated by org.testng.reporters.JUnitReportReporter -->
<testsuite hostname="DESKTOP-JAS0CHU" failures="0" tests="1" name="BasicsofTestng.TestNgThirdclass" time="0.001" errors="0" timestamp="2025-07-19T12:56:08 IST" skipped="0">
  <testcase classname="BasicsofTestng.TestNgThirdclass" name="Thirdcalss1" time="0.001"/>
</testsuite> <!-- BasicsofTestng.TestNgThirdclass -->
