<?xml version="1.0" encoding="UTF-8"?>
<!-- Generated by org.testng.reporters.JUnitReportReporter -->
<testsuite hostname="DESKTOP-JAS0CHU" failures="0" tests="1" name="TestCase.MakeMyTripFlightSearch" time="0.008" errors="0" timestamp="2025-07-19T13:28:06 IST" skipped="0">
  <testcase classname="TestCase.MakeMyTripFlightSearch" name="MakeMyTripFlightSearchWithValidValues" time="0.008"/>
</testsuite> <!-- TestCase.MakeMyTripFlightSearch -->
